<?xml version="1.0" encoding="UTF-8"?>
<!-- Generated by org.testng.reporters.JUnitReportReporter -->
<testsuite hostname="DESKTOP-ICHGQ06" name="hu.morkalla.gymproject.ejbservice.facade.TrainerFacadeImplTest" tests="1" failures="0" timestamp="10 Dec 2015 12:36:58 GMT" time="0.224" errors="0">
  <testcase name="createListOfTrainerDetailsFromSubjectName" time="0.224" classname="hu.morkalla.gymproject.ejbservice.facade.TrainerFacadeImplTest"/>
</testsuite> <!-- hu.morkalla.gymproject.ejbservice.facade.TrainerFacadeImplTest -->
