<?xml version="1.0" encoding="UTF-8"?>
<!-- Generated by org.testng.reporters.JUnitReportReporter -->
<testsuite hostname="JVMTEST-PC" name="hu.tram.ejbservice.facade.RentFacadeImplTest" tests="1" failures="0" timestamp="26 Nov 2015 14:44:48 GMT" time="0.423" errors="0">
  <testcase name="createListOfRentDetailsFromCustomerLoginName" time="0.423" classname="hu.tram.ejbservice.facade.RentFacadeImplTest"/>
</testsuite> <!-- hu.tram.ejbservice.facade.RentFacadeImplTest -->
